CRITICAL - 2022-05-01 11:11:24 --> Cannot declare class App\Controllers\fashionController, because the name is already in use
#0 [internal function]: CodeIgniter\Debug\Exceptions->shutdownHandler()
#1 {main}
CRITICAL - 2022-05-01 11:11:35 --> Cannot declare class App\Controllers\fashionController, because the name is already in use
#0 [internal function]: CodeIgniter\Debug\Exceptions->shutdownHandler()
#1 {main}
CRITICAL - 2022-05-01 11:11:36 --> Cannot declare class App\Controllers\fashionController, because the name is already in use
#0 [internal function]: CodeIgniter\Debug\Exceptions->shutdownHandler()
#1 {main}
CRITICAL - 2022-05-01 11:11:50 --> Cannot declare class App\Controllers\fashionController, because the name is already in use
#0 [internal function]: CodeIgniter\Debug\Exceptions->shutdownHandler()
#1 {main}
CRITICAL - 2022-05-01 11:12:56 --> Cannot declare class App\Controllers\fashion because the name is already in use
#0 [internal function]: CodeIgniter\Debug\Exceptions->shutdownHandler()
#1 {main}
CRITICAL - 2022-05-01 11:13:27 --> Cannot declare class App\Controllers\fashion because the name is already in use
#0 [internal function]: CodeIgniter\Debug\Exceptions->shutdownHandler()
#1 {main}
CRITICAL - 2022-05-01 11:13:44 --> Cannot declare class App\Controllers\fashion because the name is already in use
#0 [internal function]: CodeIgniter\Debug\Exceptions->shutdownHandler()
#1 {main}
CRITICAL - 2022-05-01 11:13:47 --> Cannot declare class App\Controllers\fashion because the name is already in use
#0 [internal function]: CodeIgniter\Debug\Exceptions->shutdownHandler()
#1 {main}
CRITICAL - 2022-05-01 11:13:47 --> Cannot declare class App\Controllers\fashion because the name is already in use
#0 [internal function]: CodeIgniter\Debug\Exceptions->shutdownHandler()
#1 {main}
CRITICAL - 2022-05-01 11:13:47 --> Cannot declare class App\Controllers\fashion because the name is already in use
#0 [internal function]: CodeIgniter\Debug\Exceptions->shutdownHandler()
#1 {main}
CRITICAL - 2022-05-01 11:14:44 --> Cannot declare class App\Controllers\Fashion because the name is already in use
#0 [internal function]: CodeIgniter\Debug\Exceptions->shutdownHandler()
#1 {main}
CRITICAL - 2022-05-01 11:16:00 --> include_once(/home/stud/1/2115822/public_html/fashion_api/app/Controllers/Fashion.php): Failed to open stream: Permission denied
#0 /home/stud/1/2115822/public_html/fashion_api/vendor/codeigniter4/framework/system/Router/Router.php(518): CodeIgniter\Debug\Exceptions->errorHandler()
#1 /home/stud/1/2115822/public_html/fashion_api/vendor/codeigniter4/framework/system/Router/Router.php(518): include_once()
#2 /home/stud/1/2115822/public_html/fashion_api/vendor/codeigniter4/framework/system/Router/Router.php(175): CodeIgniter\Router\Router->autoRoute()
#3 /home/stud/1/2115822/public_html/fashion_api/vendor/codeigniter4/framework/system/CodeIgniter.php(726): CodeIgniter\Router\Router->handle()
#4 /home/stud/1/2115822/public_html/fashion_api/vendor/codeigniter4/framework/system/CodeIgniter.php(368): CodeIgniter\CodeIgniter->tryToRouteIt()
#5 /home/stud/1/2115822/public_html/fashion_api/vendor/codeigniter4/framework/system/CodeIgniter.php(326): CodeIgniter\CodeIgniter->handleRequest()
#6 /home/stud/1/2115822/public_html/fashion_api/public/index.php(37): CodeIgniter\CodeIgniter->run()
#7 {main}
CRITICAL - 2022-05-01 11:16:05 --> Cannot declare class App\Controllers\Fashion because the name is already in use
#0 [internal function]: CodeIgniter\Debug\Exceptions->shutdownHandler()
#1 {main}
CRITICAL - 2022-05-01 11:16:24 --> Cannot declare class App\Controllers\Fashion because the name is already in use
#0 [internal function]: CodeIgniter\Debug\Exceptions->shutdownHandler()
#1 {main}
CRITICAL - 2022-05-01 11:16:27 --> Cannot declare class App\Controllers\Fashion because the name is already in use
#0 [internal function]: CodeIgniter\Debug\Exceptions->shutdownHandler()
#1 {main}
CRITICAL - 2022-05-01 11:16:27 --> Cannot declare class App\Controllers\Fashion because the name is already in use
#0 [internal function]: CodeIgniter\Debug\Exceptions->shutdownHandler()
#1 {main}
CRITICAL - 2022-05-01 11:16:27 --> Cannot declare class App\Controllers\Fashion because the name is already in use
#0 [internal function]: CodeIgniter\Debug\Exceptions->shutdownHandler()
#1 {main}
CRITICAL - 2022-05-01 11:16:28 --> Cannot declare class App\Controllers\Fashion because the name is already in use
#0 [internal function]: CodeIgniter\Debug\Exceptions->shutdownHandler()
#1 {main}
CRITICAL - 2022-05-01 11:16:54 --> Cannot declare class App\Controllers\Fashion because the name is already in use
#0 [internal function]: CodeIgniter\Debug\Exceptions->shutdownHandler()
#1 {main}
CRITICAL - 2022-05-01 11:16:56 --> Cannot declare class App\Controllers\Fashion because the name is already in use
#0 [internal function]: CodeIgniter\Debug\Exceptions->shutdownHandler()
#1 {main}
CRITICAL - 2022-05-01 11:16:56 --> Cannot declare class App\Controllers\Fashion because the name is already in use
#0 [internal function]: CodeIgniter\Debug\Exceptions->shutdownHandler()
#1 {main}
CRITICAL - 2022-05-01 11:16:56 --> Cannot declare class App\Controllers\Fashion because the name is already in use
#0 [internal function]: CodeIgniter\Debug\Exceptions->shutdownHandler()
#1 {main}
CRITICAL - 2022-05-01 11:17:02 --> Cannot declare class App\Controllers\Fashion because the name is already in use
#0 [internal function]: CodeIgniter\Debug\Exceptions->shutdownHandler()
#1 {main}
CRITICAL - 2022-05-01 11:17:25 --> Call to a member function getData() on null
#0 /home/stud/1/2115822/public_html/fashion_api/vendor/codeigniter4/framework/system/CodeIgniter.php(832): App\Controllers\FashionC->index()
#1 /home/stud/1/2115822/public_html/fashion_api/vendor/codeigniter4/framework/system/CodeIgniter.php(419): CodeIgniter\CodeIgniter->runController()
#2 /home/stud/1/2115822/public_html/fashion_api/vendor/codeigniter4/framework/system/CodeIgniter.php(326): CodeIgniter\CodeIgniter->handleRequest()
#3 /home/stud/1/2115822/public_html/fashion_api/public/index.php(37): CodeIgniter\CodeIgniter->run()
#4 {main}
CRITICAL - 2022-05-01 11:17:36 --> Call to a member function getData() on null
#0 /home/stud/1/2115822/public_html/fashion_api/vendor/codeigniter4/framework/system/CodeIgniter.php(832): App\Controllers\FashionC->index()
#1 /home/stud/1/2115822/public_html/fashion_api/vendor/codeigniter4/framework/system/CodeIgniter.php(419): CodeIgniter\CodeIgniter->runController()
#2 /home/stud/1/2115822/public_html/fashion_api/vendor/codeigniter4/framework/system/CodeIgniter.php(326): CodeIgniter\CodeIgniter->handleRequest()
#3 /home/stud/1/2115822/public_html/fashion_api/public/index.php(37): CodeIgniter\CodeIgniter->run()
#4 {main}
CRITICAL - 2022-05-01 11:19:38 --> Call to a member function getData() on null
#0 /home/stud/1/2115822/public_html/fashion_api/vendor/codeigniter4/framework/system/CodeIgniter.php(832): App\Controllers\FashionC->index()
#1 /home/stud/1/2115822/public_html/fashion_api/vendor/codeigniter4/framework/system/CodeIgniter.php(419): CodeIgniter\CodeIgniter->runController()
#2 /home/stud/1/2115822/public_html/fashion_api/vendor/codeigniter4/framework/system/CodeIgniter.php(326): CodeIgniter\CodeIgniter->handleRequest()
#3 /home/stud/1/2115822/public_html/fashion_api/public/index.php(37): CodeIgniter\CodeIgniter->run()
#4 {main}
CRITICAL - 2022-05-01 11:19:41 --> Call to a member function getData() on null
#0 /home/stud/1/2115822/public_html/fashion_api/vendor/codeigniter4/framework/system/CodeIgniter.php(832): App\Controllers\FashionC->index()
#1 /home/stud/1/2115822/public_html/fashion_api/vendor/codeigniter4/framework/system/CodeIgniter.php(419): CodeIgniter\CodeIgniter->runController()
#2 /home/stud/1/2115822/public_html/fashion_api/vendor/codeigniter4/framework/system/CodeIgniter.php(326): CodeIgniter\CodeIgniter->handleRequest()
#3 /home/stud/1/2115822/public_html/fashion_api/public/index.php(37): CodeIgniter\CodeIgniter->run()
#4 {main}
CRITICAL - 2022-05-01 11:19:41 --> Call to a member function getData() on null
#0 /home/stud/1/2115822/public_html/fashion_api/vendor/codeigniter4/framework/system/CodeIgniter.php(832): App\Controllers\FashionC->index()
#1 /home/stud/1/2115822/public_html/fashion_api/vendor/codeigniter4/framework/system/CodeIgniter.php(419): CodeIgniter\CodeIgniter->runController()
#2 /home/stud/1/2115822/public_html/fashion_api/vendor/codeigniter4/framework/system/CodeIgniter.php(326): CodeIgniter\CodeIgniter->handleRequest()
#3 /home/stud/1/2115822/public_html/fashion_api/public/index.php(37): CodeIgniter\CodeIgniter->run()
#4 {main}
CRITICAL - 2022-05-01 11:19:41 --> Call to a member function getData() on null
#0 /home/stud/1/2115822/public_html/fashion_api/vendor/codeigniter4/framework/system/CodeIgniter.php(832): App\Controllers\FashionC->index()
#1 /home/stud/1/2115822/public_html/fashion_api/vendor/codeigniter4/framework/system/CodeIgniter.php(419): CodeIgniter\CodeIgniter->runController()
#2 /home/stud/1/2115822/public_html/fashion_api/vendor/codeigniter4/framework/system/CodeIgniter.php(326): CodeIgniter\CodeIgniter->handleRequest()
#3 /home/stud/1/2115822/public_html/fashion_api/public/index.php(37): CodeIgniter\CodeIgniter->run()
#4 {main}
